@time="2024-05-17 06:19:05" lvl=info msg="received request" method=DELETE url=/api/v1/vinyls/41
@time="2024-05-17 06:19:11" lvl=info msg="received request" method=GET url=/api/v1/vinyls/41
@time="2024-05-17 06:19:11" lvl=error msg="Problem with sql query" err="pq: operator does not exist: smallint ~~ unknown"
@time="2024-05-17 06:19:15" lvl=info msg="received request" method=GET url=/api/v1/vinyls/500
@time="2024-05-17 06:19:15" lvl=error msg="Problem with sql query" err="pq: operator does not exist: smallint ~~ unknown"
@time="2024-05-17 06:20:10" lvl=info msg="server started" addr=":4000"
@time="2024-05-17 06:20:13" lvl=info msg="received request" method=GET url=/api/v1/vinyls/500
@time="2024-05-17 06:20:13" lvl=error msg="Problem with sql query" err="pq: operator does not exist: smallint ~~ unknown"
@time="2024-05-17 06:20:17" lvl=info msg="received request" method=GET url=/api/v1/vinyls/1
@time="2024-05-17 06:20:17" lvl=error msg="Problem with sql query" err="pq: operator does not exist: smallint ~~ unknown"
@time="2024-05-17 06:23:20" lvl=info msg="server started" addr=":4000"
@time="2024-05-17 06:23:22" lvl=info msg="received request" method=GET url=/api/v1/vinyls/1
@time="2024-05-17 06:26:55" lvl=info msg="server started" addr=":4000"
@time="2024-05-17 06:26:55" lvl=info msg="received request" method=GET url=/api/v1/vinyls
@time="2024-05-17 06:26:56" lvl=info msg="received request" method=GET url=/api/v1/vinyls
@time="2024-05-17 06:27:01" lvl=info msg="received request" method=GET url=/api/v1/vinyls/1
@time="2024-05-17 06:27:06" lvl=info msg="received request" method=GET url=/api/v1/vinyls
@time="2024-05-17 06:28:56" lvl=info msg="received request" method=GET url="/api/v1/vinyls?limit=5&offset=0"
@time="2024-05-17 06:31:16" lvl=info msg="received request" method=GET url="/api/v1/vinyls?limit=5&offset=0"
@time="2024-05-17 06:31:17" lvl=info msg="received request" method=GET url="/api/v1/vinyls?limit=5&offset=0"
@time="2024-05-17 06:32:28" lvl=info msg="received request" method=GET url="/api/v1/vinyls?offset=5&limit=5&sort=id&order=asc&releasedate=1997"
@time="2024-05-17 06:32:31" lvl=info msg="received request" method=GET url="/api/v1/vinyls?offset=5&limit=5&sort=id&order=asc&releasedate=1997"
@time="2024-05-17 06:32:32" lvl=info msg="received request" method=GET url="/api/v1/vinyls?limit=5&offset=10"
@time="2024-05-17 06:32:41" lvl=info msg="received request" method=GET url="/api/v1/vinyls?limit=5&offset=10"
@time="2024-05-17 06:33:49" lvl=info msg="received request" method=GET url="/api/v1/vinyls?limit=5&offset=0"
@time="2024-05-17 06:33:52" lvl=info msg="received request" method=GET url="/api/v1/vinyls?limit=5&offset=10"
@time="2024-05-17 06:37:15" lvl=info msg="server started" addr=":4000"
@time="2024-05-17 06:37:20" lvl=info msg="received request" method=GET url=/api/v1/vinyls/1
@time="2024-05-17 06:37:36" lvl=info msg="server started" addr=":4000"
@time="2024-05-17 06:37:38" lvl=info msg="received request" method=GET url=/api/v1/vinyls/1
@time="2024-05-17 06:37:38" lvl=error msg="Problem with sql query" err="sql: expected 8 destination arguments in Scan, not 7"
@time="2024-05-17 06:38:24" lvl=info msg="server started" addr=":4000"
@time="2024-05-17 06:38:27" lvl=info msg="received request" method=GET url=/api/v1/vinyls/1
@time="2024-05-17 06:44:44" lvl=info msg="received request" method=GET url="/api/v1/vinyls?limit=5&offset=0"
@time="2024-05-17 06:44:55" lvl=info msg="received request" method=GET url="/api/v1/vinyls?limit=5&offset=0"
@time="2024-05-17 11:55:57" lvl=info msg="received request" method=GET url="/api/v1/vinyls?limit=5&offset=0"
@time="2024-05-22 15:14:27" lvl=info msg="server started" addr=":4000"
@time="2024-05-22 15:14:40" lvl=info msg="received request" method=GET url=/api/v1/vinyls/1
@time="2024-05-22 15:15:43" lvl=info msg="server started" addr=":4000"
@time="2024-05-22 15:15:46" lvl=info msg="received request" method=GET url=/api/v1/vinyls/1
@time="2024-05-22 15:15:51" lvl=info msg="received request" method=GET url=/vinyls/1
@time="2024-05-22 15:22:51" lvl=info msg="server started" addr=":4000"
@time="2024-05-22 15:22:53" lvl=info msg="received request" method=GET url=/vinyls/1
